<?xml version="1.0" encoding="UTF-8"?>
<!-- Generated by org.testng.reporters.JUnitReportReporter -->
<testsuite hostname="DESKTOP-AUO663H" failures="0" tests="5" name="tests.TestNg1" time="0.003" errors="0" timestamp="19 Jun 2021 16:09:51 GMT" skipped="0">
  <testcase classname="tests.TestNg1" name="test2" time="0.001"/>
  <testcase classname="tests.TestNg1" name="test3" time="0.000"/>
  <testcase classname="tests.TestNg1" name="f" time="0.000"/>
  <testcase classname="tests.TestNg1" name="f" time="0.002"/>
  <testcase classname="tests.TestNg1" name="test1" time="0.000"/>
</testsuite> <!-- tests.TestNg1 -->
