<?xml version="1.0" encoding="UTF-8"?>
<!-- Generated by org.testng.reporters.JUnitReportReporter -->
<testsuite hostname="DESKTOP-AUO663H" failures="0" tests="1" name="tests.AppTest" time="0.003" errors="0" timestamp="19 Jun 2021 16:09:51 GMT" skipped="0">
  <testcase classname="tests.AppTest" name="shouldAnswerWithTrue" time="0.003"/>
</testsuite> <!-- tests.AppTest -->
