<?xml version="1.0" encoding="UTF-8"?>
<!-- Generated by org.testng.reporters.JUnitReportReporter -->
<testsuite hostname="DESKTOP-AUO663H" failures="0" tests="2" name="tests.TestNg2" time="0.001" errors="0" timestamp="19 Jun 2021 16:06:18 GMT" skipped="0">
  <testcase classname="tests.TestNg2" name="Test5" time="0.001"/>
  <testcase classname="tests.TestNg2" name="Test4" time="0.000"/>
</testsuite> <!-- tests.TestNg2 -->
